2024-03-08T10:15:43.060+05:30 ERROR 95947 --- [http-nio-5000-exec-1] com.example.Db.Controller.DbAPI          : Request for user id:101
2024-03-08T10:15:43.061+05:30 TRACE 95947 --- [http-nio-5000-exec-1] c.e.Db.Exception.GlobalExceptionHandler  : [Ljava.lang.StackTraceElement;@4fbab5d8
2024-03-08T10:16:36.045+05:30 ERROR 96112 --- [http-nio-5000-exec-1] com.example.Db.Controller.DbAPI          : Request for user id:101
2024-03-08T10:16:36.046+05:30 TRACE 96112 --- [http-nio-5000-exec-1] c.e.Db.Exception.GlobalExceptionHandler  : com.example.Db.Controller.DbAPI.delete(DbAPI.java:60)
2024-03-08T10:20:37.729+05:30 ERROR 96284 --- [http-nio-5000-exec-1] com.example.Db.Controller.DbAPI          : Request for user id:101
2024-03-08T10:20:37.730+05:30 TRACE 96284 --- [http-nio-5000-exec-1] c.e.Db.Exception.GlobalExceptionHandler  : null
2024-03-08T10:21:29.907+05:30 ERROR 97058 --- [http-nio-5000-exec-1] com.example.Db.Controller.DbAPI          : Request for user id:101
2024-03-08T10:21:29.908+05:30 TRACE 97058 --- [http-nio-5000-exec-1] c.e.Db.Exception.GlobalExceptionHandler  : com.example.Db.Controller.DbAPI.delete(DbAPI.java:60)
2024-03-08T10:23:25.715+05:30 ERROR 98006 --- [http-nio-5000-exec-1] com.example.Db.Controller.DbAPI          : Request for user id:101
2024-03-08T10:23:25.716+05:30 TRACE 98006 --- [http-nio-5000-exec-1] c.e.Db.Exception.GlobalExceptionHandler  : com.example.Db.Controller.DbAPI.delete(DbAPI.java:60)
java.base/jdk.internal.reflect.NativeMethodAccessorImpl.invoke0(Native Method)
java.base/jdk.internal.reflect.NativeMethodAccessorImpl.invoke(NativeMethodAccessorImpl.java:77)
java.base/jdk.internal.reflect.DelegatingMethodAccessorImpl.invoke(DelegatingMethodAccessorImpl.java:43)
java.base/java.lang.reflect.Method.invoke(Method.java:568)
org.springframework.web.method.support.InvocableHandlerMethod.doInvoke(InvocableHandlerMethod.java:259)
org.springframework.web.method.support.InvocableHandlerMethod.invokeForRequest(InvocableHandlerMethod.java:192)
org.springframework.web.servlet.mvc.method.annotation.ServletInvocableHandlerMethod.invokeAndHandle(ServletInvocableHandlerMethod.java:118)
org.springframework.web.servlet.mvc.method.annotation.RequestMappingHandlerAdapter.invokeHandlerMethod(RequestMappingHandlerAdapter.java:920)
org.springframework.web.servlet.mvc.method.annotation.RequestMappingHandlerAdapter.handleInternal(RequestMappingHandlerAdapter.java:830)
org.springframework.web.servlet.mvc.method.AbstractHandlerMethodAdapter.handle(AbstractHandlerMethodAdapter.java:87)
org.springframework.web.servlet.DispatcherServlet.doDispatch(DispatcherServlet.java:1089)
org.springframework.web.servlet.DispatcherServlet.doService(DispatcherServlet.java:979)
org.springframework.web.servlet.FrameworkServlet.processRequest(FrameworkServlet.java:1014)
org.springframework.web.servlet.FrameworkServlet.doDelete(FrameworkServlet.java:936)
jakarta.servlet.http.HttpServlet.service(HttpServlet.java:596)
org.springframework.web.servlet.FrameworkServlet.service(FrameworkServlet.java:885)
jakarta.servlet.http.HttpServlet.service(HttpServlet.java:658)
org.apache.catalina.core.ApplicationFilterChain.internalDoFilter(ApplicationFilterChain.java:205)
org.apache.catalina.core.ApplicationFilterChain.doFilter(ApplicationFilterChain.java:149)
org.apache.tomcat.websocket.server.WsFilter.doFilter(WsFilter.java:51)
org.apache.catalina.core.ApplicationFilterChain.internalDoFilter(ApplicationFilterChain.java:174)
org.apache.catalina.core.ApplicationFilterChain.doFilter(ApplicationFilterChain.java:149)
org.springframework.web.filter.RequestContextFilter.doFilterInternal(RequestContextFilter.java:100)
org.springframework.web.filter.OncePerRequestFilter.doFilter(OncePerRequestFilter.java:116)
org.apache.catalina.core.ApplicationFilterChain.internalDoFilter(ApplicationFilterChain.java:174)
org.apache.catalina.core.ApplicationFilterChain.doFilter(ApplicationFilterChain.java:149)
org.springframework.web.filter.FormContentFilter.doFilterInternal(FormContentFilter.java:93)
org.springframework.web.filter.OncePerRequestFilter.doFilter(OncePerRequestFilter.java:116)
org.apache.catalina.core.ApplicationFilterChain.internalDoFilter(ApplicationFilterChain.java:174)
org.apache.catalina.core.ApplicationFilterChain.doFilter(ApplicationFilterChain.java:149)
org.springframework.web.filter.CharacterEncodingFilter.doFilterInternal(CharacterEncodingFilter.java:201)
org.springframework.web.filter.OncePerRequestFilter.doFilter(OncePerRequestFilter.java:116)
org.apache.catalina.core.ApplicationFilterChain.internalDoFilter(ApplicationFilterChain.java:174)
org.apache.catalina.core.ApplicationFilterChain.doFilter(ApplicationFilterChain.java:149)
org.apache.catalina.core.StandardWrapperValve.invoke(StandardWrapperValve.java:167)
org.apache.catalina.core.StandardContextValve.invoke(StandardContextValve.java:90)
org.apache.catalina.authenticator.AuthenticatorBase.invoke(AuthenticatorBase.java:482)
org.apache.catalina.core.StandardHostValve.invoke(StandardHostValve.java:115)
org.apache.catalina.valves.ErrorReportValve.invoke(ErrorReportValve.java:93)
org.apache.catalina.core.StandardEngineValve.invoke(StandardEngineValve.java:74)
org.apache.catalina.connector.CoyoteAdapter.service(CoyoteAdapter.java:344)
org.apache.coyote.http11.Http11Processor.service(Http11Processor.java:391)
org.apache.coyote.AbstractProcessorLight.process(AbstractProcessorLight.java:63)
org.apache.coyote.AbstractProtocol$ConnectionHandler.process(AbstractProtocol.java:896)
org.apache.tomcat.util.net.NioEndpoint$SocketProcessor.doRun(NioEndpoint.java:1744)
org.apache.tomcat.util.net.SocketProcessorBase.run(SocketProcessorBase.java:52)
org.apache.tomcat.util.threads.ThreadPoolExecutor.runWorker(ThreadPoolExecutor.java:1191)
org.apache.tomcat.util.threads.ThreadPoolExecutor$Worker.run(ThreadPoolExecutor.java:659)
org.apache.tomcat.util.threads.TaskThread$WrappingRunnable.run(TaskThread.java:63)
java.base/java.lang.Thread.run(Thread.java:840)

2024-03-08T10:24:19.510+05:30 ERROR 98295 --- [http-nio-5000-exec-1] com.example.Db.Controller.DbAPI          : Request for user id:101
2024-03-08T10:24:19.511+05:30 TRACE 98295 --- [http-nio-5000-exec-1] c.e.Db.Exception.GlobalExceptionHandler  : com.example.Db.Controller.DbAPI.delete(DbAPI.java:60)
java.base/jdk.internal.reflect.NativeMethodAccessorImpl.invoke0(Native Method)
java.base/jdk.internal.reflect.NativeMethodAccessorImpl.invoke(NativeMethodAccessorImpl.java:77)
java.base/jdk.internal.reflect.DelegatingMethodAccessorImpl.invoke(DelegatingMethodAccessorImpl.java:43)
java.base/java.lang.reflect.Method.invoke(Method.java:568)
org.springframework.web.method.support.InvocableHandlerMethod.doInvoke(InvocableHandlerMethod.java:259)
org.springframework.web.method.support.InvocableHandlerMethod.invokeForRequest(InvocableHandlerMethod.java:192)
org.springframework.web.servlet.mvc.method.annotation.ServletInvocableHandlerMethod.invokeAndHandle(ServletInvocableHandlerMethod.java:118)
org.springframework.web.servlet.mvc.method.annotation.RequestMappingHandlerAdapter.invokeHandlerMethod(RequestMappingHandlerAdapter.java:920)
org.springframework.web.servlet.mvc.method.annotation.RequestMappingHandlerAdapter.handleInternal(RequestMappingHandlerAdapter.java:830)
org.springframework.web.servlet.mvc.method.AbstractHandlerMethodAdapter.handle(AbstractHandlerMethodAdapter.java:87)
org.springframework.web.servlet.DispatcherServlet.doDispatch(DispatcherServlet.java:1089)
org.springframework.web.servlet.DispatcherServlet.doService(DispatcherServlet.java:979)
org.springframework.web.servlet.FrameworkServlet.processRequest(FrameworkServlet.java:1014)
org.springframework.web.servlet.FrameworkServlet.doDelete(FrameworkServlet.java:936)
jakarta.servlet.http.HttpServlet.service(HttpServlet.java:596)
org.springframework.web.servlet.FrameworkServlet.service(FrameworkServlet.java:885)
jakarta.servlet.http.HttpServlet.service(HttpServlet.java:658)
org.apache.catalina.core.ApplicationFilterChain.internalDoFilter(ApplicationFilterChain.java:205)
org.apache.catalina.core.ApplicationFilterChain.doFilter(ApplicationFilterChain.java:149)
org.apache.tomcat.websocket.server.WsFilter.doFilter(WsFilter.java:51)
org.apache.catalina.core.ApplicationFilterChain.internalDoFilter(ApplicationFilterChain.java:174)
org.apache.catalina.core.ApplicationFilterChain.doFilter(ApplicationFilterChain.java:149)
org.springframework.web.filter.RequestContextFilter.doFilterInternal(RequestContextFilter.java:100)
org.springframework.web.filter.OncePerRequestFilter.doFilter(OncePerRequestFilter.java:116)
org.apache.catalina.core.ApplicationFilterChain.internalDoFilter(ApplicationFilterChain.java:174)
org.apache.catalina.core.ApplicationFilterChain.doFilter(ApplicationFilterChain.java:149)
org.springframework.web.filter.FormContentFilter.doFilterInternal(FormContentFilter.java:93)
org.springframework.web.filter.OncePerRequestFilter.doFilter(OncePerRequestFilter.java:116)
org.apache.catalina.core.ApplicationFilterChain.internalDoFilter(ApplicationFilterChain.java:174)
org.apache.catalina.core.ApplicationFilterChain.doFilter(ApplicationFilterChain.java:149)
org.springframework.web.filter.CharacterEncodingFilter.doFilterInternal(CharacterEncodingFilter.java:201)
org.springframework.web.filter.OncePerRequestFilter.doFilter(OncePerRequestFilter.java:116)
org.apache.catalina.core.ApplicationFilterChain.internalDoFilter(ApplicationFilterChain.java:174)
org.apache.catalina.core.ApplicationFilterChain.doFilter(ApplicationFilterChain.java:149)
org.apache.catalina.core.StandardWrapperValve.invoke(StandardWrapperValve.java:167)
org.apache.catalina.core.StandardContextValve.invoke(StandardContextValve.java:90)
org.apache.catalina.authenticator.AuthenticatorBase.invoke(AuthenticatorBase.java:482)
org.apache.catalina.core.StandardHostValve.invoke(StandardHostValve.java:115)
org.apache.catalina.valves.ErrorReportValve.invoke(ErrorReportValve.java:93)
org.apache.catalina.core.StandardEngineValve.invoke(StandardEngineValve.java:74)
org.apache.catalina.connector.CoyoteAdapter.service(CoyoteAdapter.java:344)
org.apache.coyote.http11.Http11Processor.service(Http11Processor.java:391)
org.apache.coyote.AbstractProcessorLight.process(AbstractProcessorLight.java:63)
org.apache.coyote.AbstractProtocol$ConnectionHandler.process(AbstractProtocol.java:896)
org.apache.tomcat.util.net.NioEndpoint$SocketProcessor.doRun(NioEndpoint.java:1744)
org.apache.tomcat.util.net.SocketProcessorBase.run(SocketProcessorBase.java:52)
org.apache.tomcat.util.threads.ThreadPoolExecutor.runWorker(ThreadPoolExecutor.java:1191)
org.apache.tomcat.util.threads.ThreadPoolExecutor$Worker.run(ThreadPoolExecutor.java:659)
org.apache.tomcat.util.threads.TaskThread$WrappingRunnable.run(TaskThread.java:63)
java.base/java.lang.Thread.run(Thread.java:840)

